{
  error: Error: FATAL ERROR: jwtPrivateKey is not defined.
      at module.exports (C:\Users\Erardo Perdomo\OneDrive\Documentos\JavaScript Courses Proyects\NodeJS Mosh\rental-movies-proyect\startup\config.js:5:11)
      at Object.<anonymous> (C:\Users\Erardo Perdomo\OneDrive\Documentos\JavaScript Courses Proyects\NodeJS Mosh\rental-movies-proyect\app.js:8:28)
      at Module._compile (internal/modules/cjs/loader.js:1063:30)
      at Object.Module._extensions..js (internal/modules/cjs/loader.js:1092:10)
      at Module.load (internal/modules/cjs/loader.js:928:32)
      at Function.Module._load (internal/modules/cjs/loader.js:769:14)
      at Function.executeUserEntryPoint [as runMain] (internal/modules/run_main.js:72:12)
      at internal/main/run_main_module.js:17:47,
  level: 'error',
  message: 'uncaughtException: FATAL ERROR: jwtPrivateKey is not defined.\n' +
    'Error: FATAL ERROR: jwtPrivateKey is not defined.\n' +
    '    at module.exports (C:\\Users\\Erardo Perdomo\\OneDrive\\Documentos\\JavaScript Courses Proyects\\NodeJS Mosh\\rental-movies-proyect\\startup\\config.js:5:11)\n' +
    '    at Object.<anonymous> (C:\\Users\\Erardo Perdomo\\OneDrive\\Documentos\\JavaScript Courses Proyects\\NodeJS Mosh\\rental-movies-proyect\\app.js:8:28)\n' +
    '    at Module._compile (internal/modules/cjs/loader.js:1063:30)\n' +
    '    at Object.Module._extensions..js (internal/modules/cjs/loader.js:1092:10)\n' +
    '    at Module.load (internal/modules/cjs/loader.js:928:32)\n' +
    '    at Function.Module._load (internal/modules/cjs/loader.js:769:14)\n' +
    '    at Function.executeUserEntryPoint [as runMain] (internal/modules/run_main.js:72:12)\n' +
    '    at internal/main/run_main_module.js:17:47',
  stack: 'Error: FATAL ERROR: jwtPrivateKey is not defined.\n' +
    '    at module.exports (C:\\Users\\Erardo Perdomo\\OneDrive\\Documentos\\JavaScript Courses Proyects\\NodeJS Mosh\\rental-movies-proyect\\startup\\config.js:5:11)\n' +
    '    at Object.<anonymous> (C:\\Users\\Erardo Perdomo\\OneDrive\\Documentos\\JavaScript Courses Proyects\\NodeJS Mosh\\rental-movies-proyect\\app.js:8:28)\n' +
    '    at Module._compile (internal/modules/cjs/loader.js:1063:30)\n' +
    '    at Object.Module._extensions..js (internal/modules/cjs/loader.js:1092:10)\n' +
    '    at Module.load (internal/modules/cjs/loader.js:928:32)\n' +
    '    at Function.Module._load (internal/modules/cjs/loader.js:769:14)\n' +
    '    at Function.executeUserEntryPoint [as runMain] (internal/modules/run_main.js:72:12)\n' +
    '    at internal/main/run_main_module.js:17:47',
  exception: true,
  date: 'Wed Mar 24 2021 16:13:39 GMT-0400 (Atlantic Standard Time)',
  process: {
    pid: 16136,
    uid: null,
    gid: null,
    cwd: 'C:\\Users\\Erardo Perdomo\\OneDrive\\Documentos\\JavaScript Courses Proyects\\NodeJS Mosh\\rental-movies-proyect',
    execPath: 'C:\\Program Files\\nodejs\\node.exe',
    version: 'v14.15.0',
    argv: [
      'C:\\Program Files\\nodejs\\node.exe',
      'C:\\Users\\Erardo Perdomo\\OneDrive\\Documentos\\JavaScript Courses Proyects\\NodeJS Mosh\\rental-movies-proyect\\app.js'
    ],
    memoryUsage: {
      rss: 68567040,
      heapTotal: 54456320,
      heapUsed: 32508112,
      external: 20968621,
      arrayBuffers: 19423886
    }
  },
  os: { loadavg: [ 0, 0, 0 ], uptime: 1575 },
  trace: [
    {
      column: 11,
      file: 'C:\\Users\\Erardo Perdomo\\OneDrive\\Documentos\\JavaScript Courses Proyects\\NodeJS Mosh\\rental-movies-proyect\\startup\\config.js',
      function: 'module.exports',
      line: 5,
      method: 'exports',
      native: false
    },
    {
      column: 28,
      file: 'C:\\Users\\Erardo Perdomo\\OneDrive\\Documentos\\JavaScript Courses Proyects\\NodeJS Mosh\\rental-movies-proyect\\app.js',
      function: null,
      line: 8,
      method: null,
      native: false
    },
    {
      column: 30,
      file: 'internal/modules/cjs/loader.js',
      function: 'Module._compile',
      line: 1063,
      method: '_compile',
      native: false
    },
    {
      column: 10,
      file: 'internal/modules/cjs/loader.js',
      function: 'Module._extensions..js',
      line: 1092,
      method: '.js',
      native: false
    },
    {
      column: 32,
      file: 'internal/modules/cjs/loader.js',
      function: 'Module.load',
      line: 928,
      method: 'load',
      native: false
    },
    {
      column: 14,
      file: 'internal/modules/cjs/loader.js',
      function: 'Module._load',
      line: 769,
      method: '_load',
      native: false
    },
    {
      column: 12,
      file: 'internal/modules/run_main.js',
      function: 'Function.executeUserEntryPoint [as runMain]',
      line: 72,
      method: 'executeUserEntryPoint [as runMain]',
      native: false
    },
    {
      column: 47,
      file: 'internal/main/run_main_module.js',
      function: null,
      line: 17,
      method: null,
      native: false
    }
  ]
}
{
  error: Error: FATAL ERROR: jwtPrivateKey is not defined.
      at module.exports (C:\Users\Erardo Perdomo\OneDrive\Documentos\JavaScript Courses Proyects\NodeJS Mosh\rental-movies-proyect\startup\config.js:5:11)
      at Object.<anonymous> (C:\Users\Erardo Perdomo\OneDrive\Documentos\JavaScript Courses Proyects\NodeJS Mosh\rental-movies-proyect\app.js:8:28)
      at Module._compile (internal/modules/cjs/loader.js:1063:30)
      at Object.Module._extensions..js (internal/modules/cjs/loader.js:1092:10)
      at Module.load (internal/modules/cjs/loader.js:928:32)
      at Function.Module._load (internal/modules/cjs/loader.js:769:14)
      at Function.executeUserEntryPoint [as runMain] (internal/modules/run_main.js:72:12)
      at internal/main/run_main_module.js:17:47,
  level: 'error',
  message: 'uncaughtException: FATAL ERROR: jwtPrivateKey is not defined.\n' +
    'Error: FATAL ERROR: jwtPrivateKey is not defined.\n' +
    '    at module.exports (C:\\Users\\Erardo Perdomo\\OneDrive\\Documentos\\JavaScript Courses Proyects\\NodeJS Mosh\\rental-movies-proyect\\startup\\config.js:5:11)\n' +
    '    at Object.<anonymous> (C:\\Users\\Erardo Perdomo\\OneDrive\\Documentos\\JavaScript Courses Proyects\\NodeJS Mosh\\rental-movies-proyect\\app.js:8:28)\n' +
    '    at Module._compile (internal/modules/cjs/loader.js:1063:30)\n' +
    '    at Object.Module._extensions..js (internal/modules/cjs/loader.js:1092:10)\n' +
    '    at Module.load (internal/modules/cjs/loader.js:928:32)\n' +
    '    at Function.Module._load (internal/modules/cjs/loader.js:769:14)\n' +
    '    at Function.executeUserEntryPoint [as runMain] (internal/modules/run_main.js:72:12)\n' +
    '    at internal/main/run_main_module.js:17:47',
  stack: 'Error: FATAL ERROR: jwtPrivateKey is not defined.\n' +
    '    at module.exports (C:\\Users\\Erardo Perdomo\\OneDrive\\Documentos\\JavaScript Courses Proyects\\NodeJS Mosh\\rental-movies-proyect\\startup\\config.js:5:11)\n' +
    '    at Object.<anonymous> (C:\\Users\\Erardo Perdomo\\OneDrive\\Documentos\\JavaScript Courses Proyects\\NodeJS Mosh\\rental-movies-proyect\\app.js:8:28)\n' +
    '    at Module._compile (internal/modules/cjs/loader.js:1063:30)\n' +
    '    at Object.Module._extensions..js (internal/modules/cjs/loader.js:1092:10)\n' +
    '    at Module.load (internal/modules/cjs/loader.js:928:32)\n' +
    '    at Function.Module._load (internal/modules/cjs/loader.js:769:14)\n' +
    '    at Function.executeUserEntryPoint [as runMain] (internal/modules/run_main.js:72:12)\n' +
    '    at internal/main/run_main_module.js:17:47',
  exception: true,
  date: 'Wed Mar 24 2021 16:17:21 GMT-0400 (Atlantic Standard Time)',
  process: {
    pid: 12808,
    uid: null,
    gid: null,
    cwd: 'C:\\Users\\Erardo Perdomo\\OneDrive\\Documentos\\JavaScript Courses Proyects\\NodeJS Mosh\\rental-movies-proyect',
    execPath: 'C:\\Program Files\\nodejs\\node.exe',
    version: 'v14.15.0',
    argv: [
      'C:\\Program Files\\nodejs\\node.exe',
      'C:\\Users\\Erardo Perdomo\\OneDrive\\Documentos\\JavaScript Courses Proyects\\NodeJS Mosh\\rental-movies-proyect\\app.js'
    ],
    memoryUsage: {
      rss: 68685824,
      heapTotal: 54456320,
      heapUsed: 32972440,
      external: 20963628,
      arrayBuffers: 19418893
    }
  },
  os: { loadavg: [ 0, 0, 0 ], uptime: 1797 },
  trace: [
    {
      column: 11,
      file: 'C:\\Users\\Erardo Perdomo\\OneDrive\\Documentos\\JavaScript Courses Proyects\\NodeJS Mosh\\rental-movies-proyect\\startup\\config.js',
      function: 'module.exports',
      line: 5,
      method: 'exports',
      native: false
    },
    {
      column: 28,
      file: 'C:\\Users\\Erardo Perdomo\\OneDrive\\Documentos\\JavaScript Courses Proyects\\NodeJS Mosh\\rental-movies-proyect\\app.js',
      function: null,
      line: 8,
      method: null,
      native: false
    },
    {
      column: 30,
      file: 'internal/modules/cjs/loader.js',
      function: 'Module._compile',
      line: 1063,
      method: '_compile',
      native: false
    },
    {
      column: 10,
      file: 'internal/modules/cjs/loader.js',
      function: 'Module._extensions..js',
      line: 1092,
      method: '.js',
      native: false
    },
    {
      column: 32,
      file: 'internal/modules/cjs/loader.js',
      function: 'Module.load',
      line: 928,
      method: 'load',
      native: false
    },
    {
      column: 14,
      file: 'internal/modules/cjs/loader.js',
      function: 'Module._load',
      line: 769,
      method: '_load',
      native: false
    },
    {
      column: 12,
      file: 'internal/modules/run_main.js',
      function: 'Function.executeUserEntryPoint [as runMain]',
      line: 72,
      method: 'executeUserEntryPoint [as runMain]',
      native: false
    },
    {
      column: 47,
      file: 'internal/main/run_main_module.js',
      function: null,
      line: 17,
      method: null,
      native: false
    }
  ]
}
